 Index           refE        overlap  overlap-squared            Total
     0   -3385.192239         0.0529           0.0028           0.0028
     1   -3384.686604         0.0287           0.0008           0.0036
     2   -3384.674259         0.0150           0.0002           0.0039
     3   -3384.656828        -0.0195           0.0004           0.0042
     4   -3384.166683         0.0083           0.0001           0.0043
     5   -3384.151793         0.0104           0.0001           0.0044
     6   -3384.137702        -0.0056           0.0000           0.0044
     7   -3383.631600        -0.0030           0.0000           0.0045
     8   -3324.092677         0.5727           0.3280           0.3324
     9   -3323.716485        -0.2843           0.0808           0.4132
    10   -3323.566754         0.1310           0.0172           0.4304
    11   -3323.555854         0.2058           0.0424           0.4728
    12   -3323.258184        -0.2496           0.0623           0.5350
    13   -3323.211506         0.0786           0.0062           0.5412
    14   -3323.110749         0.0962           0.0093           0.5505
    15   -3323.049397         0.0550           0.0030           0.5535
    16   -3322.791035        -0.0661           0.0044           0.5579
    17   -3322.780530         0.0598           0.0036           0.5614
    18   -3322.744266        -0.1309           0.0171           0.5786
    19   -3322.694503        -0.0281           0.0008           0.5794
    20   -3322.292629         0.0161           0.0003           0.5796
    21   -3322.282352         0.0222           0.0005           0.5801
    22   -3322.262426         0.0635           0.0040           0.5842
    23   -3321.807791         0.0113           0.0001           0.5843
    24   -3313.011776        -0.0000           0.0000           0.5843
    25   -3312.159585        -0.0013           0.0000           0.5843
    26   -3311.430065        -0.0087           0.0001           0.5844
    27   -3311.314435         0.0017           0.0000           0.5844
    28   -3310.174660         0.0080           0.0001           0.5844
    29   -3309.915233        -0.0000           0.0000           0.5844
    30   -3309.898918        -0.4259           0.1814           0.7658
    31   -3309.408416        -0.1403           0.0197           0.7855
    32   -3309.394598         0.1048           0.0110           0.7965
    33   -3309.348227         0.0045           0.0000           0.7965
    34   -3309.271312         0.2591           0.0671           0.8636
    35   -3308.864037         0.0912           0.0083           0.8719
    36   -3308.830127         0.0352           0.0012           0.8731
    37   -3308.755980         0.0533           0.0028           0.8760
    38   -3308.204893        -0.0202           0.0004           0.8764
    39   -3306.604695         0.0583           0.0034           0.8798
    40   -3294.964588        -0.0008           0.0000           0.8798
    41   -3294.649568         0.0001           0.0000           0.8798
    42   -3293.969085        -0.0133           0.0002           0.8800
    43   -3293.461617        -0.0078           0.0001           0.8800
    44   -3293.448363        -0.0040           0.0000           0.8800
    45   -3289.206151        -0.0394           0.0016           0.8816
    46   -3289.196026         0.0003           0.0000           0.8816
    47   -3289.143893         0.0066           0.0000           0.8816
    48   -3286.850281        -0.0040           0.0000           0.8817
    49   -3286.578751        -0.0049           0.0000           0.8817
    50   -3286.101588        -0.0047           0.0000           0.8817
    51   -3285.308482         0.0187           0.0003           0.8820
    52   -3285.055310        -0.0126           0.0002           0.8822
    53   -3284.898846        -0.0106           0.0001           0.8823
    54   -3284.476328        -0.0038           0.0000           0.8823
    55   -3283.512376        -0.0535           0.0029           0.8852
    56   -3262.399204        -0.1235           0.0153           0.9005
    57   -3262.356010         0.0720           0.0052           0.9056
    58   -3262.164420        -0.0222           0.0005           0.9061
    59   -3261.907173        -0.0365           0.0013           0.9075
    60   -3261.807431         0.0191           0.0004           0.9078
    61   -3261.748199        -0.0111           0.0001           0.9080
    62   -3261.567534        -0.0084           0.0001           0.9080
    63   -3261.304751        -0.0036           0.0000           0.9080
    64   -3260.908426        -0.0035           0.0000           0.9081
    65   -3260.623628         0.0090           0.0001           0.9081
    66   -3260.614625        -0.0141           0.0002           0.9083
    67   -3260.462141         0.0025           0.0000           0.9083
    68   -3260.281035        -0.0007           0.0000           0.9083
    69   -3260.278071         0.0061           0.0000           0.9084
    70   -3260.202265        -0.0060           0.0000           0.9084
    71   -3260.156733         0.0148           0.0002           0.9086
    72   -3259.974154         0.0057           0.0000           0.9087
    73   -3259.958979        -0.0181           0.0003           0.9090
    74   -3259.909487         0.0016           0.0000           0.9090
    75   -3259.726525         0.0066           0.0000           0.9090
    76   -3259.590201         0.0037           0.0000           0.9091
    77   -3259.550953        -0.0016           0.0000           0.9091
    78   -3259.493024        -0.0003           0.0000           0.9091
    79   -3259.339403         0.0024           0.0000           0.9091
    80   -3254.121438         0.0074           0.0001           0.9091
    81   -3254.045148        -0.0067           0.0000           0.9092
    82   -3254.015587         0.0023           0.0000           0.9092
    83   -3254.002522         0.0016           0.0000           0.9092
    84   -3253.623252        -0.0047           0.0000           0.9092
    85   -3253.285095         0.0017           0.0000           0.9092
    86   -3253.098297         0.0130           0.0002           0.9094
    87   -3252.995172        -0.0021           0.0000           0.9094
    88   -3252.702728        -0.0048           0.0000           0.9094
    89   -3252.630730         0.0022           0.0000           0.9094
    90   -3252.428405        -0.0014           0.0000           0.9094
    91   -3251.122748         0.0073           0.0001           0.9095
    92   -3249.772985         0.0019           0.0000           0.9095
    93   -3249.360219         0.0007           0.0000           0.9095
    94   -3248.527536        -0.0001           0.0000           0.9095
    95   -3247.889377        -0.0000           0.0000           0.9095
    96   -3247.742175         0.0113           0.0001           0.9096
    97   -3247.503460        -0.0182           0.0003           0.9099
    98   -3247.479025         0.0034           0.0000           0.9099
    99   -3246.755572         0.0058           0.0000           0.9100
   100   -3246.730679         0.0040           0.0000           0.9100
   101   -3246.352127        -0.0023           0.0000           0.9100
   102   -3246.224469         0.0010           0.0000           0.9100
   103   -3246.195911         0.0039           0.0000           0.9100
   104   -3246.172002         0.0017           0.0000           0.9100
   105   -3246.053013        -0.0019           0.0000           0.9100
   106   -3245.953610         0.0146           0.0002           0.9102
   107   -3245.895239        -0.0027           0.0000           0.9102
   108   -3245.844571        -0.0002           0.0000           0.9102
   109   -3245.579325        -0.0000           0.0000           0.9102
   110   -3245.504930         0.0070           0.0000           0.9103
   111   -3245.485856        -0.0024           0.0000           0.9103
   112   -3245.479944        -0.0037           0.0000           0.9103
   113   -3245.425541         0.0004           0.0000           0.9103
   114   -3245.399208        -0.0015           0.0000           0.9103
   115   -3245.109414         0.0012           0.0000           0.9103
   116   -3245.106144         0.0018           0.0000           0.9103
   117   -3244.957846        -0.0016           0.0000           0.9103
   118   -3244.782838         0.0026           0.0000           0.9103
   119   -3244.619912        -0.0250           0.0006           0.9109
   120   -3244.534547         0.0006           0.0000           0.9109
   121   -3244.097470         0.0079           0.0001           0.9110
   122   -3242.685229         0.0369           0.0014           0.9124
   123   -3241.076230        -0.0153           0.0002           0.9126
   124   -3235.618254         0.0015           0.0000           0.9126
   125   -3235.388333         0.0024           0.0000           0.9126
   126   -3234.836173         0.0250           0.0006           0.9132
   127   -3234.303853         0.0082           0.0001           0.9133
   128   -3234.269794         0.0061           0.0000           0.9133
   129   -3234.263268        -0.0095           0.0001           0.9134
   130   -3233.924075        -0.0052           0.0000           0.9134
   131   -3233.857978        -0.0008           0.0000           0.9134
   132   -3233.722968         0.0059           0.0000           0.9135
   133   -3233.561159         0.0085           0.0001           0.9136
   134   -3233.405649         0.0024           0.0000           0.9136
   135   -3233.317540         0.0045           0.0000           0.9136
   136   -3233.204574         0.0017           0.0000           0.9136
   137   -3233.020975        -0.0038           0.0000           0.9136
   138   -3232.805494         0.0027           0.0000           0.9136
   139   -3232.529717         0.0031           0.0000           0.9136
   140   -3231.395595        -0.0210           0.0004           0.9141
   141   -3230.770662        -0.0018           0.0000           0.9141
   142   -3230.658147         0.0003           0.0000           0.9141
   143   -3230.256490        -0.0058           0.0000           0.9141
   144   -3230.159246        -0.0011           0.0000           0.9141
   145   -3229.711807         0.0042           0.0000           0.9141
   146   -3228.915750         0.0165           0.0003           0.9144
   147   -3228.362164         0.0008           0.0000           0.9144
   148   -3228.359042        -0.0006           0.0000           0.9144
   149   -3228.243207         0.0009           0.0000           0.9144
   150   -3227.363642         0.0006           0.0000           0.9144
   151   -3227.182521        -0.0143           0.0002           0.9146
   152   -3226.785594         0.0173           0.0003           0.9149
   153   -3226.708643        -0.0046           0.0000           0.9149
   154   -3226.609391        -0.0104           0.0001           0.9150
   155   -3225.307675        -0.0087           0.0001           0.9151
   156   -3224.913414         0.0027           0.0000           0.9151
   157   -3224.785865        -0.0020           0.0000           0.9151
   158   -3224.567343        -0.0017           0.0000           0.9151
   159   -3224.409340        -0.0031           0.0000           0.9151
   160   -3224.325840         0.0006           0.0000           0.9151
   161   -3224.275836        -0.0041           0.0000           0.9151
   162   -3223.717437         0.0035           0.0000           0.9151
   163   -3223.225939         0.0041           0.0000           0.9152
   164   -3223.038460        -0.0567           0.0032           0.9184
   165   -3222.735102        -0.0097           0.0001           0.9185
   166   -3222.715332         0.0299           0.0009           0.9194
   167   -3222.569082        -0.0004           0.0000           0.9194
   168   -3222.246277         0.0051           0.0000           0.9194
   169   -3222.171311         0.0096           0.0001           0.9195
   170   -3221.339185         0.0062           0.0000           0.9195
   171   -3221.023633         0.0007           0.0000           0.9195
   172   -3220.852705         0.0248           0.0006           0.9201
   173   -3220.780396         0.0007           0.0000           0.9201
   174   -3220.654694         0.0197           0.0004           0.9205
   175   -3220.264318         0.0108           0.0001           0.9206
   176   -3219.665744        -0.0018           0.0000           0.9206
   177   -3219.402593        -0.0049           0.0000           0.9207
   178   -3219.266171        -0.0019           0.0000           0.9207
   179   -3219.206075        -0.0007           0.0000           0.9207
   180   -3217.819135        -0.0010           0.0000           0.9207
   181   -3217.776853        -0.0008           0.0000           0.9207
   182   -3217.004420         0.0019           0.0000           0.9207
   183   -3216.248665         0.0036           0.0000           0.9207
   184   -3213.003471        -0.0050           0.0000           0.9207
   185   -3212.434769         0.0026           0.0000           0.9207
   186   -3212.166989         0.0035           0.0000           0.9207
   187   -3211.802261         0.0017           0.0000           0.9207
   188   -3211.720874        -0.0006           0.0000           0.9207
   189   -3211.563369        -0.0004           0.0000           0.9207
   190   -3211.274707         0.0023           0.0000           0.9207
   191   -3211.094547        -0.0001           0.0000           0.9207
   192   -3210.885771         0.0036           0.0000           0.9208
   193   -3210.578471        -0.0052           0.0000           0.9208
   194   -3210.404834        -0.0004           0.0000           0.9208
   195   -3209.791470        -0.0022           0.0000           0.9208
   196   -3208.797908         0.0004           0.0000           0.9208
   197   -3208.690027         0.0166           0.0003           0.9211
   198   -3208.198740        -0.0093           0.0001           0.9212
   199   -3207.975306         0.0063           0.0000           0.9212
   200   -3203.176909         0.0023           0.0000           0.9212
   201   -3200.765903         0.0019           0.0000           0.9212
   202   -3200.644256         0.0019           0.0000           0.9212
   203   -3200.415760         0.0006           0.0000           0.9212
   204   -3200.317622        -0.0010           0.0000           0.9212
   205   -3200.244930         0.0002           0.0000           0.9212
   206   -3200.104600        -0.0007           0.0000           0.9212
   207   -3199.934172        -0.0003           0.0000           0.9212
   208   -3199.679816        -0.0004           0.0000           0.9212
   209   -3199.410834         0.0008           0.0000           0.9212
   210   -3199.182624         0.0020           0.0000           0.9212
   211   -3199.046685        -0.0015           0.0000           0.9212
   212   -3198.219223         0.0018           0.0000           0.9212
   213   -3197.838861         0.0008           0.0000           0.9212
   214   -3197.821772        -0.0004           0.0000           0.9212
   215   -3197.278053        -0.0003           0.0000           0.9212
   216   -3197.244629        -0.0038           0.0000           0.9212
   217   -3197.170255        -0.0003           0.0000           0.9212
   218   -3196.876214        -0.0120           0.0001           0.9214
   219   -3196.864923        -0.0007           0.0000           0.9214
   220   -3196.800805        -0.0039           0.0000           0.9214
   221   -3196.798346        -0.0060           0.0000           0.9214
   222   -3196.725918         0.0014           0.0000           0.9214
   223   -3196.712086        -0.0101           0.0001           0.9215
   224   -3196.597733         0.0109           0.0001           0.9217
   225   -3196.582801        -0.0013           0.0000           0.9217
   226   -3196.576864         0.0084           0.0001           0.9217
   227   -3196.514246        -0.0019           0.0000           0.9217
   228   -3196.482838        -0.0016           0.0000           0.9217
   229   -3196.469204        -0.0038           0.0000           0.9217
   230   -3196.460955        -0.0023           0.0000           0.9218
   231   -3196.422005        -0.0001           0.0000           0.9218
   232   -3196.418275         0.0003           0.0000           0.9218
   233   -3196.390355         0.0017           0.0000           0.9218
   234   -3196.285607         0.0255           0.0006           0.9224
   235   -3196.239417         0.0029           0.0000           0.9224
   236   -3196.211175        -0.0004           0.0000           0.9224
   237   -3196.177057        -0.0030           0.0000           0.9224
   238   -3195.984033        -0.0049           0.0000           0.9224
   239   -3195.958530        -0.0001           0.0000           0.9224
   240   -3195.912291         0.0002           0.0000           0.9224
   241   -3195.875266         0.0009           0.0000           0.9224
   242   -3195.871570         0.0017           0.0000           0.9225
   243   -3195.834388         0.0096           0.0001           0.9225
   244   -3195.678953         0.0024           0.0000           0.9226
   245   -3195.669463         0.0008           0.0000           0.9226
   246   -3195.649287        -0.0005           0.0000           0.9226
   247   -3195.642006         0.0019           0.0000           0.9226
   248   -3195.488911         0.0023           0.0000           0.9226
   249   -3195.486244         0.0090           0.0001           0.9226
   250   -3195.267440        -0.0023           0.0000           0.9226
   251   -3195.106811        -0.0011           0.0000           0.9226
   252   -3194.729980        -0.0025           0.0000           0.9227
   253   -3194.719621         0.0048           0.0000           0.9227
   254   -3194.365695         0.0005           0.0000           0.9227
   255   -3193.087217         0.0054           0.0000           0.9227
   256   -3192.962010         0.0025           0.0000           0.9227
   257   -3192.908371         0.0093           0.0001           0.9228
   258   -3192.635464        -0.0004           0.0000           0.9228
   259   -3192.383693        -0.0020           0.0000           0.9228
   260   -3192.375966         0.0004           0.0000           0.9228
   261   -3192.226550         0.0007           0.0000           0.9228
   262   -3191.517348         0.0038           0.0000           0.9228
   263   -3191.442370         0.0108           0.0001           0.9229
   264   -3191.432991        -0.0083           0.0001           0.9230
   265   -3191.308214         0.0135           0.0002           0.9232
   266   -3191.283571        -0.0074           0.0001           0.9232
   267   -3191.230997        -0.0027           0.0000           0.9233
   268   -3191.229085        -0.0251           0.0006           0.9239
   269   -3191.209067        -0.0008           0.0000           0.9239
   270   -3191.116000         0.0025           0.0000           0.9239
   271   -3191.054510         0.0024           0.0000           0.9239
   272   -3191.047174        -0.0023           0.0000           0.9239
   273   -3190.939051        -0.0005           0.0000           0.9239
   274   -3190.781267         0.0005           0.0000           0.9239
   275   -3190.524787        -0.0004           0.0000           0.9239
   276   -3190.473113         0.0008           0.0000           0.9239
   277   -3190.443689         0.0030           0.0000           0.9239
   278   -3190.261035        -0.0008           0.0000           0.9239
   279   -3190.115999        -0.0061           0.0000           0.9239
   280   -3190.055117         0.0160           0.0003           0.9242
   281   -3189.964684        -0.0093           0.0001           0.9243
   282   -3189.696819        -0.0014           0.0000           0.9243
   283   -3189.413089        -0.0053           0.0000           0.9243
   284   -3189.129779        -0.0099           0.0001           0.9244
   285   -3188.675582         0.0273           0.0007           0.9252
   286   -3188.664485        -0.0094           0.0001           0.9252
   287   -3188.624982         0.0019           0.0000           0.9253
   288   -3188.411160        -0.0014           0.0000           0.9253
   289   -3188.070911        -0.0069           0.0000           0.9253
   290   -3188.055510        -0.0003           0.0000           0.9253
   291   -3188.032289        -0.0053           0.0000           0.9253
   292   -3186.910457        -0.0002           0.0000           0.9253
   293   -3186.752134        -0.0004           0.0000           0.9253
   294   -3185.224996         0.0013           0.0000           0.9253
   295   -3185.156211        -0.0008           0.0000           0.9253
   296   -3184.455221        -0.0001           0.0000           0.9253
   297   -3184.214842        -0.0000           0.0000           0.9253
   298   -3184.096323        -0.0000           0.0000           0.9253
   299   -3184.033037         0.0001           0.0000           0.9253
   300   -3183.919343        -0.0005           0.0000           0.9253
   301   -3183.793592        -0.0003           0.0000           0.9253
   302   -3183.337650         0.0028           0.0000           0.9253
   303   -3182.902122         0.0016           0.0000           0.9253
   304   -3182.748098        -0.0011           0.0000           0.9253
   305   -3182.626656        -0.0009           0.0000           0.9253
   306   -3182.521992         0.0009           0.0000           0.9253
   307   -3182.489571        -0.0024           0.0000           0.9253
   308   -3182.314520         0.0002           0.0000           0.9253
   309   -3182.141605        -0.0029           0.0000           0.9254
   310   -3182.001891         0.0004           0.0000           0.9254
   311   -3181.993256         0.0001           0.0000           0.9254
   312   -3181.884072        -0.0019           0.0000           0.9254
   313   -3181.876722        -0.0010           0.0000           0.9254
   314   -3181.649324         0.0133           0.0002           0.9255
   315   -3181.514495         0.0010           0.0000           0.9255
   316   -3181.382397         0.0004           0.0000           0.9255
   317   -3181.257364        -0.0029           0.0000           0.9255
   318   -3181.054438         0.0007           0.0000           0.9255
   319   -3180.977491        -0.0064           0.0000           0.9256
   320   -3180.815497        -0.0020           0.0000           0.9256
   321   -3180.738696        -0.0016           0.0000           0.9256
   322   -3180.641757        -0.0132           0.0002           0.9258
   323   -3180.636562        -0.0059           0.0000           0.9258
   324   -3180.628049         0.0023           0.0000           0.9258
   325   -3180.500260         0.0109           0.0001           0.9259
   326   -3180.416778         0.0023           0.0000           0.9259
   327   -3180.177431         0.0038           0.0000           0.9259
   328   -3180.081220         0.0012           0.0000           0.9259
   329   -3179.871631        -0.0004           0.0000           0.9259
   330   -3179.635963         0.0022           0.0000           0.9260
   331   -3179.471946        -0.0026           0.0000           0.9260
   332   -3179.464469        -0.0043           0.0000           0.9260
   333   -3179.387655         0.0008           0.0000           0.9260
   334   -3179.360100        -0.0010           0.0000           0.9260
   335   -3178.908409        -0.0028           0.0000           0.9260
   336   -3178.897612        -0.0010           0.0000           0.9260
   337   -3178.221077         0.0028           0.0000           0.9260
   338   -3177.938720        -0.0008           0.0000           0.9260
   339   -3177.664082         0.0005           0.0000           0.9260
   340   -3177.608428        -0.0084           0.0001           0.9261
   341   -3177.516529         0.0216           0.0005           0.9265
   342   -3176.673705         0.0147           0.0002           0.9268
   343   -3176.616722         0.0043           0.0000           0.9268
   344   -3176.615426         0.0080           0.0001           0.9268
   345   -3176.588908        -0.0215           0.0005           0.9273
   346   -3176.499265        -0.0018           0.0000           0.9273
   347   -3176.250229        -0.0012           0.0000           0.9273
   348   -3175.974112        -0.0050           0.0000           0.9273
   349   -3175.933426        -0.0021           0.0000           0.9273
   350   -3175.793441         0.0019           0.0000           0.9273
   351   -3175.687269         0.0002           0.0000           0.9273
   352   -3175.662630        -0.0000           0.0000           0.9273
   353   -3175.389883         0.0000           0.0000           0.9273
   354   -3175.021192         0.0008           0.0000           0.9273
   355   -3174.927260         0.0024           0.0000           0.9273
   356   -3174.511329        -0.0006           0.0000           0.9273
   357   -3174.445646         0.0003           0.0000           0.9273
   358   -3173.751608         0.0003           0.0000           0.9273
   359   -3173.744568         0.0006           0.0000           0.9273
   360   -3170.899448        -0.0004           0.0000           0.9273
   361   -3170.851838        -0.0046           0.0000           0.9274
   362   -3170.813599        -0.0002           0.0000           0.9274
   363   -3170.770447         0.0002           0.0000           0.9274
   364   -3170.669688         0.0045           0.0000           0.9274
   365   -3169.953159         0.0022           0.0000           0.9274
   366   -3169.714965         0.0067           0.0000           0.9274
   367   -3169.520378         0.0017           0.0000           0.9274
   368   -3169.512623        -0.0007           0.0000           0.9274
   369   -3169.479824        -0.0015           0.0000           0.9274
   370   -3169.323844         0.0018           0.0000           0.9274
   371   -3169.256367        -0.0003           0.0000           0.9274
   372   -3169.243560         0.0043           0.0000           0.9275
   373   -3169.139801        -0.0031           0.0000           0.9275
   374   -3169.004931        -0.0064           0.0000           0.9275
   375   -3168.913872         0.0005           0.0000           0.9275
   376   -3168.882491        -0.0017           0.0000           0.9275
   377   -3168.768558        -0.0011           0.0000           0.9275
   378   -3168.754470        -0.0026           0.0000           0.9275
   379   -3168.700269         0.0003           0.0000           0.9275
   380   -3168.577009         0.0005           0.0000           0.9275
   381   -3168.486326         0.0008           0.0000           0.9275
   382   -3168.450963        -0.0018           0.0000           0.9275
   383   -3168.269626         0.0001           0.0000           0.9275
   384   -3168.251410         0.0004           0.0000           0.9275
   385   -3168.194106         0.0008           0.0000           0.9275
   386   -3168.181604        -0.0008           0.0000           0.9275
   387   -3167.984867        -0.0007           0.0000           0.9275
   388   -3167.981814         0.0006           0.0000           0.9275
   389   -3167.965166         0.0008           0.0000           0.9275
   390   -3167.890547        -0.0027           0.0000           0.9275
   391   -3167.860121         0.0002           0.0000           0.9275
   392   -3167.804441        -0.0003           0.0000           0.9275
   393   -3167.706026        -0.0001           0.0000           0.9275
   394   -3167.603318         0.0008           0.0000           0.9275
   395   -3167.560156        -0.0029           0.0000           0.9275
   396   -3167.139678        -0.0008           0.0000           0.9275
   397   -3167.102832         0.0017           0.0000           0.9275
   398   -3167.017701        -0.0077           0.0001           0.9276
   399   -3166.943585         0.0023           0.0000           0.9276
   400   -3166.740468        -0.0091           0.0001           0.9277
   401   -3166.681689        -0.0084           0.0001           0.9278
   402   -3165.163291         0.0005           0.0000           0.9278
   403   -3165.041851         0.0003           0.0000           0.9278
   404   -3165.030153         0.0007           0.0000           0.9278
   405   -3164.808354        -0.0009           0.0000           0.9278
   406   -3164.703746         0.0004           0.0000           0.9278
   407   -3164.468227        -0.0085           0.0001           0.9278
   408   -3163.897586         0.0019           0.0000           0.9278
   409   -3163.772766        -0.0000           0.0000           0.9278
   410   -3163.185070         0.0020           0.0000           0.9278
   411   -3162.803497        -0.0003           0.0000           0.9278
   412   -3162.802287         0.0021           0.0000           0.9279
   413   -3162.527485         0.0013           0.0000           0.9279
   414   -3162.456163         0.0111           0.0001           0.9280
   415   -3162.146585        -0.0002           0.0000           0.9280
   416   -3162.013011         0.0014           0.0000           0.9280
   417   -3161.928082         0.0006           0.0000           0.9280
   418   -3161.892263         0.0074           0.0001           0.9280
   419   -3161.413199         0.0002           0.0000           0.9280
   420   -3161.393620        -0.0041           0.0000           0.9280
   421   -3161.286232         0.0013           0.0000           0.9281
   422   -3161.251538         0.0057           0.0000           0.9281
   423   -3160.841190         0.0030           0.0000           0.9281
   424   -3160.599002        -0.0004           0.0000           0.9281
   425   -3160.519917        -0.0002           0.0000           0.9281
   426   -3160.473738         0.0008           0.0000           0.9281
   427   -3160.451708        -0.0012           0.0000           0.9281
   428   -3160.423031        -0.0017           0.0000           0.9281
   429   -3160.387435         0.0018           0.0000           0.9281
   430   -3160.306547        -0.0019           0.0000           0.9281
   431   -3160.289746        -0.0053           0.0000           0.9281
   432   -3160.243490         0.0004           0.0000           0.9281
   433   -3160.222556         0.0006           0.0000           0.9281
   434   -3160.220768         0.0017           0.0000           0.9281
   435   -3160.043055        -0.0014           0.0000           0.9281
   436   -3159.609708         0.0036           0.0000           0.9282
   437   -3159.560770        -0.0112           0.0001           0.9283
   438   -3159.547370        -0.0003           0.0000           0.9283
   439   -3159.512815         0.0007           0.0000           0.9283
   440   -3159.365677         0.0034           0.0000           0.9283
   441   -3159.149187        -0.0020           0.0000           0.9283
   442   -3159.053994         0.0051           0.0000           0.9283
   443   -3159.017445         0.0009           0.0000           0.9283
   444   -3158.914336        -0.0039           0.0000           0.9283
   445   -3158.581120        -0.0022           0.0000           0.9283
   446   -3158.577558        -0.0004           0.0000           0.9283
   447   -3158.453513         0.0001           0.0000           0.9283
   448   -3157.946035        -0.0044           0.0000           0.9284
   449   -3157.907166        -0.0024           0.0000           0.9284
   450   -3157.877518         0.0031           0.0000           0.9284
   451   -3157.798869        -0.0003           0.0000           0.9284
   452   -3157.545918         0.0023           0.0000           0.9284
   453   -3157.471155         0.0002           0.0000           0.9284
   454   -3157.322029        -0.0001           0.0000           0.9284
   455   -3157.310885         0.0000           0.0000           0.9284
   456   -3157.258237        -0.0023           0.0000           0.9284
   457   -3157.141633        -0.0065           0.0000           0.9284
   458   -3157.026832         0.0009           0.0000           0.9284
   459   -3156.980763        -0.0081           0.0001           0.9285
   460   -3156.956436         0.0001           0.0000           0.9285
   461   -3156.791529         0.0001           0.0000           0.9285
   462   -3156.724221         0.0008           0.0000           0.9285
   463   -3156.722348        -0.0000           0.0000           0.9285
   464   -3156.720337         0.0017           0.0000           0.9285
   465   -3156.580041        -0.0001           0.0000           0.9285
   466   -3156.288403         0.0002           0.0000           0.9285
   467   -3155.994391        -0.0005           0.0000           0.9285
   468   -3155.642311         0.0025           0.0000           0.9285
   469   -3155.376309        -0.0035           0.0000           0.9285
   470   -3155.351241        -0.0012           0.0000           0.9285
   471   -3155.230776        -0.0009           0.0000           0.9285
   472   -3155.209100        -0.0269           0.0007           0.9292
   473   -3155.143118         0.0025           0.0000           0.9292
   474   -3154.876738         0.0008           0.0000           0.9292
   475   -3154.746423        -0.0020           0.0000           0.9292
   476   -3154.706888        -0.0008           0.0000           0.9293
   477   -3154.141524        -0.0011           0.0000           0.9293
   478   -3153.080045        -0.0003           0.0000           0.9293
   479   -3152.387034        -0.0079           0.0001           0.9293
   480   -3152.265691         0.0007           0.0000           0.9293
   481   -3151.785410        -0.0002           0.0000           0.9293
   482   -3151.505073        -0.0041           0.0000           0.9293
   483   -3151.239709         0.0014           0.0000           0.9293
   484   -3150.945965        -0.0001           0.0000           0.9293
   485   -3150.362429         0.0001           0.0000           0.9293
   486   -3150.299739         0.0016           0.0000           0.9293
   487   -3150.188854        -0.0002           0.0000           0.9293
   488   -3150.008957         0.0001           0.0000           0.9293
   489   -3149.858919         0.0001           0.0000           0.9293
   490   -3149.830209        -0.0001           0.0000           0.9293
   491   -3149.628859         0.0000           0.0000           0.9293
   492   -3149.443530         0.0083           0.0001           0.9294
   493   -3149.405192         0.0023           0.0000           0.9294
   494   -3149.111252        -0.0003           0.0000           0.9294
   495   -3148.974863         0.0002           0.0000           0.9294
   496   -3148.870123        -0.0004           0.0000           0.9294
   497   -3148.826916         0.0001           0.0000           0.9294
   498   -3148.639624         0.0006           0.0000           0.9294
   499   -3148.463357        -0.0008           0.0000           0.9294
   500   -3148.242445        -0.0000           0.0000           0.9294
   501   -3148.134308        -0.0000           0.0000           0.9294
   502   -3148.097779        -0.0002           0.0000           0.9294
   503   -3147.917354        -0.0029           0.0000           0.9294
   504   -3147.777496        -0.0005           0.0000           0.9294
   505   -3147.430417        -0.0013           0.0000           0.9294
   506   -3147.392763        -0.0001           0.0000           0.9294
   507   -3147.155407         0.0007           0.0000           0.9294
   508   -3147.015264        -0.0002           0.0000           0.9294
   509   -3146.777668        -0.0002           0.0000           0.9294
   510   -3146.757486        -0.0010           0.0000           0.9294
   511   -3146.579152         0.0003           0.0000           0.9294
   512   -3146.399515        -0.0009           0.0000           0.9294
   513   -3146.313107        -0.0000           0.0000           0.9294
   514   -3146.197935         0.0003           0.0000           0.9294
   515   -3146.104939         0.0006           0.0000           0.9294
   516   -3146.018844        -0.0004           0.0000           0.9294
   517   -3146.009441        -0.0000           0.0000           0.9294
   518   -3145.902735         0.0013           0.0000           0.9294
   519   -3145.390526        -0.0009           0.0000           0.9294
   520   -3145.350538         0.0007           0.0000           0.9294
   521   -3145.094211        -0.0000           0.0000           0.9294
   522   -3144.928076        -0.0017           0.0000           0.9294
   523   -3144.851455        -0.0007           0.0000           0.9294
   524   -3144.817413         0.0031           0.0000           0.9294
   525   -3144.770548        -0.0004           0.0000           0.9294
   526   -3144.647436         0.0002           0.0000           0.9294
   527   -3144.420301         0.0000           0.0000           0.9294
   528   -3144.393032        -0.0002           0.0000           0.9294
   529   -3144.357149         0.0003           0.0000           0.9294
   530   -3144.040079         0.0002           0.0000           0.9294
   531   -3143.986778        -0.0001           0.0000           0.9294
   532   -3143.616550        -0.0000           0.0000           0.9294
   533   -3143.399026        -0.0001           0.0000           0.9294
   534   -3142.697820         0.0000           0.0000           0.9294
   535   -3142.559691         0.0003           0.0000           0.9294
   536   -3142.483542        -0.0003           0.0000           0.9294
   537   -3142.344777        -0.0002           0.0000           0.9294
   538   -3142.155099         0.0001           0.0000           0.9294
   539   -3141.980072         0.0002           0.0000           0.9294
   540   -3141.971375         0.0001           0.0000           0.9294
   541   -3141.950228         0.0000           0.0000           0.9294
   542   -3141.926921         0.0012           0.0000           0.9294
   543   -3141.874207         0.0000           0.0000           0.9294
   544   -3141.863921        -0.0004           0.0000           0.9294
   545   -3141.777814         0.0001           0.0000           0.9294
   546   -3141.552833         0.0002           0.0000           0.9294
   547   -3141.350078         0.0004           0.0000           0.9294
   548   -3141.269733         0.0003           0.0000           0.9294
   549   -3140.362574         0.0007           0.0000           0.9294
   550   -3140.299867        -0.0008           0.0000           0.9294
   551   -3140.179398         0.0011           0.0000           0.9294
   552   -3140.033827         0.0002           0.0000           0.9294
   553   -3140.014131        -0.0007           0.0000           0.9294
   554   -3139.860700        -0.0103           0.0001           0.9296
   555   -3139.785412         0.0061           0.0000           0.9296
   556   -3139.755077         0.0022           0.0000           0.9296
   557   -3139.736787         0.0030           0.0000           0.9296
   558   -3139.706823         0.0051           0.0000           0.9296
   559   -3139.595664         0.0012           0.0000           0.9296
   560   -3139.566034        -0.0115           0.0001           0.9298
   561   -3139.456690        -0.0001           0.0000           0.9298
   562   -3139.088930        -0.0002           0.0000           0.9298
   563   -3138.928869        -0.0035           0.0000           0.9298
   564   -3138.822611        -0.0112           0.0001           0.9299
   565   -3138.773466         0.0048           0.0000           0.9299
   566   -3138.641203        -0.0007           0.0000           0.9299
   567   -3138.504230        -0.0001           0.0000           0.9299
   568   -3138.426205        -0.0021           0.0000           0.9299
   569   -3138.193501        -0.0032           0.0000           0.9299
   570   -3138.107639         0.0022           0.0000           0.9299
   571   -3138.063746         0.0018           0.0000           0.9299
   572   -3137.967755         0.0002           0.0000           0.9299
   573   -3137.753398         0.0039           0.0000           0.9300
   574   -3137.138516        -0.0056           0.0000           0.9300
   575   -3137.089505         0.0224           0.0005           0.9305
   576   -3137.074871        -0.0073           0.0001           0.9305
   577   -3136.991094        -0.0005           0.0000           0.9305
   578   -3136.988047        -0.0027           0.0000           0.9306
   579   -3136.968930         0.0003           0.0000           0.9306
   580   -3136.873251         0.0063           0.0000           0.9306
   581   -3136.772782        -0.0112           0.0001           0.9307
   582   -3136.705444        -0.0114           0.0001           0.9309
   583   -3136.669850        -0.0051           0.0000           0.9309
   584   -3136.254328         0.0113           0.0001           0.9310
   585   -3136.194003        -0.0086           0.0001           0.9311
   586   -3136.150002         0.0433           0.0019           0.9330
   587   -3136.138614         0.0235           0.0006           0.9335
   588   -3135.940117        -0.0065           0.0000           0.9336
   589   -3135.936696         0.0057           0.0000           0.9336
   590   -3135.715017         0.0004           0.0000           0.9336
   591   -3135.712580         0.0009           0.0000           0.9336
   592   -3135.667753        -0.0021           0.0000           0.9336
   593   -3135.515085        -0.0000           0.0000           0.9336
   594   -3135.179505        -0.0008           0.0000           0.9336
   595   -3135.110257        -0.0017           0.0000           0.9336
   596   -3135.021777        -0.0026           0.0000           0.9336
   597   -3134.966218        -0.0001           0.0000           0.9336
   598   -3134.693802        -0.0001           0.0000           0.9336
   599   -3134.568808        -0.0000           0.0000           0.9336
   600   -3134.470947         0.0019           0.0000           0.9336
   601   -3134.282644         0.0003           0.0000           0.9336
   602   -3134.164205         0.0033           0.0000           0.9336
   603   -3133.998648         0.0003           0.0000           0.9336
   604   -3133.920247         0.0004           0.0000           0.9336
   605   -3133.448140         0.0005           0.0000           0.9336
   606   -3133.377080         0.0001           0.0000           0.9336
   607   -3133.348191        -0.0103           0.0001           0.9337
   608   -3133.315399         0.0015           0.0000           0.9337
   609   -3133.294772         0.0003           0.0000           0.9337
   610   -3133.215209        -0.0004           0.0000           0.9337
   611   -3133.098774        -0.0001           0.0000           0.9337
   612   -3133.052380        -0.0002           0.0000           0.9337
   613   -3132.998343         0.0015           0.0000           0.9337
   614   -3132.938832         0.0013           0.0000           0.9337
   615   -3132.934593        -0.0011           0.0000           0.9337
   616   -3132.890723        -0.0002           0.0000           0.9337
   617   -3132.856291        -0.0002           0.0000           0.9337
   618   -3132.856013         0.0001           0.0000           0.9337
   619   -3132.808231        -0.0002           0.0000           0.9337
   620   -3132.735376         0.0008           0.0000           0.9337
   621   -3132.682484        -0.0016           0.0000           0.9337
   622   -3132.614150        -0.0009           0.0000           0.9337
   623   -3132.526526         0.0027           0.0000           0.9337
   624   -3132.426058        -0.0011           0.0000           0.9337
   625   -3132.422151        -0.0029           0.0000           0.9337
   626   -3132.265435        -0.0058           0.0000           0.9338
   627   -3132.229039         0.0002           0.0000           0.9338
   628   -3132.177351        -0.0001           0.0000           0.9338
   629   -3132.152567        -0.0052           0.0000           0.9338
   630   -3132.115054         0.0215           0.0005           0.9343
   631   -3131.865519         0.0044           0.0000           0.9343
   632   -3131.814802        -0.0039           0.0000           0.9343
   633   -3131.799945         0.0032           0.0000           0.9343
   634   -3131.769519         0.0332           0.0011           0.9354
   635   -3131.739535        -0.0007           0.0000           0.9354
   636   -3131.644527         0.0025           0.0000           0.9354
   637   -3131.534521        -0.0024           0.0000           0.9354
   638   -3131.529510         0.0065           0.0000           0.9355
   639   -3131.375102        -0.0003           0.0000           0.9355
   640   -3131.188342        -0.0006           0.0000           0.9355
   641   -3131.075667        -0.0005           0.0000           0.9355
   642   -3131.074724        -0.0026           0.0000           0.9355
   643   -3131.005575        -0.0014           0.0000           0.9355
   644   -3130.933694         0.0036           0.0000           0.9355
   645   -3130.716075        -0.0033           0.0000           0.9355
   646   -3130.712861         0.0003           0.0000           0.9355
   647   -3130.697701        -0.0024           0.0000           0.9355
   648   -3130.696796         0.0004           0.0000           0.9355
   649   -3130.647538         0.0027           0.0000           0.9355
   650   -3130.592112        -0.0044           0.0000           0.9355
   651   -3130.369197         0.0032           0.0000           0.9356
   652   -3130.322248         0.0005           0.0000           0.9356
   653   -3130.201414         0.0018           0.0000           0.9356
   654   -3130.049771         0.0004           0.0000           0.9356
   655   -3130.046878         0.0027           0.0000           0.9356
   656   -3130.043157         0.0002           0.0000           0.9356
   657   -3130.041187         0.0028           0.0000           0.9356
   658   -3130.031562        -0.0001           0.0000           0.9356
   659   -3129.961001         0.0030           0.0000           0.9356
   660   -3129.945770         0.0037           0.0000           0.9356
   661   -3129.918323         0.0003           0.0000           0.9356
   662   -3129.879070         0.0002           0.0000           0.9356
   663   -3129.740569         0.0007           0.0000           0.9356
   664   -3129.731440         0.0028           0.0000           0.9356
   665   -3129.631042        -0.0019           0.0000           0.9356
   666   -3129.577208         0.0020           0.0000           0.9356
   667   -3129.558243        -0.0039           0.0000           0.9356
   668   -3129.325085        -0.0008           0.0000           0.9356
   669   -3129.304091        -0.0007           0.0000           0.9356
   670   -3129.272008         0.0007           0.0000           0.9356
   671   -3129.129193         0.0150           0.0002           0.9359
   672   -3129.091060         0.0041           0.0000           0.9359
   673   -3128.960507        -0.0007           0.0000           0.9359
   674   -3128.905981        -0.0002           0.0000           0.9359
   675   -3128.904933        -0.0001           0.0000           0.9359
   676   -3128.786656        -0.0001           0.0000           0.9359
   677   -3128.578862        -0.0000           0.0000           0.9359
   678   -3128.576875        -0.0001           0.0000           0.9359
   679   -3128.322107        -0.0001           0.0000           0.9359
   680   -3128.262465        -0.0014           0.0000           0.9359
   681   -3128.254089        -0.0005           0.0000           0.9359
   682   -3128.111587        -0.0003           0.0000           0.9359
   683   -3128.111006         0.0038           0.0000           0.9359
   684   -3128.080360        -0.0000           0.0000           0.9359
   685   -3128.041753        -0.0001           0.0000           0.9359
   686   -3128.040207         0.0004           0.0000           0.9359
   687   -3128.006272         0.0008           0.0000           0.9359
   688   -3127.978606        -0.0004           0.0000           0.9359
   689   -3127.972799        -0.0003           0.0000           0.9359
   690   -3127.963625         0.0001           0.0000           0.9359
   691   -3127.955975        -0.0001           0.0000           0.9359
   692   -3127.931373         0.0004           0.0000           0.9359
   693   -3127.845073         0.0001           0.0000           0.9359
   694   -3127.772554         0.0005           0.0000           0.9359
   695   -3127.630782         0.0011           0.0000           0.9359
   696   -3127.546090        -0.0001           0.0000           0.9359
   697   -3127.537132        -0.0007           0.0000           0.9359
   698   -3127.476985         0.0001           0.0000           0.9359
   699   -3127.390821        -0.0018           0.0000           0.9359
   700   -3127.353641         0.0000           0.0000           0.9359
   701   -3127.304446         0.0001           0.0000           0.9359
   702   -3127.243873        -0.0000           0.0000           0.9359
   703   -3127.176866         0.0001           0.0000           0.9359
   704   -3127.159721         0.0031           0.0000           0.9359
   705   -3127.131367         0.0030           0.0000           0.9359
   706   -3127.115728         0.0045           0.0000           0.9359
   707   -3126.942217         0.0005           0.0000           0.9359
   708   -3126.923680         0.0014           0.0000           0.9359
   709   -3126.914445        -0.0012           0.0000           0.9359
   710   -3126.906925         0.0009           0.0000           0.9359
   711   -3126.889952         0.0016           0.0000           0.9359
   712   -3126.766689        -0.0011           0.0000           0.9359
   713   -3126.706176         0.0091           0.0001           0.9360
   714   -3126.605180        -0.0008           0.0000           0.9360
   715   -3126.267742        -0.0002           0.0000           0.9360
   716   -3126.110022         0.0004           0.0000           0.9360
   717   -3125.872338         0.0001           0.0000           0.9360
   718   -3125.866920        -0.0016           0.0000           0.9360
   719   -3125.846360         0.0000           0.0000           0.9360
   720   -3125.791897         0.0001           0.0000           0.9360
   721   -3125.782382         0.0001           0.0000           0.9360
   722   -3125.721875         0.0002           0.0000           0.9360
   723   -3125.681298        -0.0001           0.0000           0.9360
   724   -3125.566504         0.0046           0.0000           0.9360
   725   -3125.523935         0.0009           0.0000           0.9360
   726   -3125.486216        -0.0007           0.0000           0.9360
   727   -3125.394256         0.0000           0.0000           0.9360
   728   -3125.195436        -0.0006           0.0000           0.9360
   729   -3125.065259        -0.0005           0.0000           0.9360
   730   -3125.062896        -0.0001           0.0000           0.9360
   731   -3124.932054         0.0001           0.0000           0.9360
   732   -3124.755424         0.0009           0.0000           0.9360
   733   -3124.636659         0.0003           0.0000           0.9360
   734   -3124.476285        -0.0008           0.0000           0.9361
   735   -3124.421992        -0.0000           0.0000           0.9361
   736   -3123.103896         0.0004           0.0000           0.9361
   737   -3122.908689         0.0008           0.0000           0.9361
   738   -3122.809839         0.0005           0.0000           0.9361
   739   -3122.646833        -0.0004           0.0000           0.9361
   740   -3122.632463        -0.0001           0.0000           0.9361
   741   -3122.448320        -0.0050           0.0000           0.9361
   742   -3122.278316        -0.0012           0.0000           0.9361
   743   -3122.027398        -0.0006           0.0000           0.9361
   744   -3121.946395        -0.0006           0.0000           0.9361
   745   -3121.481915        -0.0016           0.0000           0.9361
   746   -3121.240686         0.0028           0.0000           0.9361
   747   -3121.073126        -0.0003           0.0000           0.9361
   748   -3121.052056        -0.0002           0.0000           0.9361
   749   -3121.000093         0.0002           0.0000           0.9361
   750   -3120.965476        -0.0003           0.0000           0.9361
   751   -3120.910218        -0.0004           0.0000           0.9361
   752   -3120.713121        -0.0002           0.0000           0.9361
   753   -3120.555956         0.0000           0.0000           0.9361
   754   -3120.430165        -0.0000           0.0000           0.9361
   755   -3120.416095         0.0014           0.0000           0.9361
   756   -3120.400959        -0.0009           0.0000           0.9361
   757   -3120.395295         0.0012           0.0000           0.9361
   758   -3120.206044        -0.0015           0.0000           0.9361
   759   -3120.109743         0.0002           0.0000           0.9361
   760   -3120.008731        -0.0005           0.0000           0.9361
   761   -3119.826209        -0.0025           0.0000           0.9361
   762   -3119.792136         0.0001           0.0000           0.9361
   763   -3119.774989        -0.0001           0.0000           0.9361
   764   -3119.746160        -0.0002           0.0000           0.9361
   765   -3119.631421         0.0001           0.0000           0.9361
   766   -3119.570529         0.0003           0.0000           0.9361
   767   -3119.569664        -0.0001           0.0000           0.9361
   768   -3119.419884         0.0003           0.0000           0.9361
   769   -3119.327452        -0.0003           0.0000           0.9361
   770   -3119.327320         0.0003           0.0000           0.9361
   771   -3119.305925        -0.0000           0.0000           0.9361
   772   -3119.293426         0.0001           0.0000           0.9361
   773   -3119.226054         0.0000           0.0000           0.9361
   774   -3119.172331        -0.0000           0.0000           0.9361
   775   -3119.154003        -0.0002           0.0000           0.9361
   776   -3119.131118        -0.0000           0.0000           0.9361
   777   -3119.127689        -0.0000           0.0000           0.9361
   778   -3119.033149        -0.0002           0.0000           0.9361
   779   -3119.026324         0.0002           0.0000           0.9361
   780   -3118.954904         0.0000           0.0000           0.9361
   781   -3118.855504        -0.0001           0.0000           0.9361
   782   -3118.853826        -0.0000           0.0000           0.9361
   783   -3118.816063        -0.0000           0.0000           0.9361
   784   -3118.737456         0.0000           0.0000           0.9361
   785   -3118.568479         0.0000           0.0000           0.9361
   786   -3118.455113        -0.0001           0.0000           0.9361
   787   -3118.421199         0.0000           0.0000           0.9361
   788   -3118.339812         0.0001           0.0000           0.9361
   789   -3117.976731        -0.0001           0.0000           0.9361
   790   -3117.709531         0.0001           0.0000           0.9361
   791   -3117.476499         0.0000           0.0000           0.9361
   792   -3117.311857         0.0002           0.0000           0.9361
   793   -3117.060429         0.0001           0.0000           0.9361
   794   -3116.918644        -0.0008           0.0000           0.9361
   795   -3116.825006         0.0000           0.0000           0.9361
   796   -3116.776496         0.0005           0.0000           0.9361
   797   -3116.731740         0.0002           0.0000           0.9361
   798   -3116.570950        -0.0006           0.0000           0.9361
   799   -3116.419144         0.0000           0.0000           0.9361
   800   -3116.418706        -0.0001           0.0000           0.9361
   801   -3115.949058        -0.0009           0.0000           0.9361
   802   -3115.705741        -0.0000           0.0000           0.9361
   803   -3115.256349        -0.0001           0.0000           0.9361
   804   -3115.134783         0.0001           0.0000           0.9361
   805   -3115.085357         0.0003           0.0000           0.9361
   806   -3115.066818         0.0003           0.0000           0.9361
   807   -3114.974488        -0.0003           0.0000           0.9361
   808   -3114.962069         0.0003           0.0000           0.9361
   809   -3114.949228         0.0001           0.0000           0.9361
   810   -3114.704063         0.0001           0.0000           0.9361
   811   -3114.702932        -0.0000           0.0000           0.9361
   812   -3114.674462         0.0001           0.0000           0.9361
   813   -3114.672211        -0.0008           0.0000           0.9361
   814   -3114.544405         0.0007           0.0000           0.9361
   815   -3114.234917        -0.0019           0.0000           0.9361
   816   -3114.183635         0.0005           0.0000           0.9361
   817   -3114.099876        -0.0013           0.0000           0.9361
   818   -3114.076802         0.0026           0.0000           0.9361
   819   -3113.760454         0.0003           0.0000           0.9361
   820   -3113.682710         0.0005           0.0000           0.9361
   821   -3113.425560        -0.0048           0.0000           0.9361
   822   -3113.105416        -0.0008           0.0000           0.9361
   823   -3113.086188        -0.0009           0.0000           0.9361
   824   -3113.023132         0.0012           0.0000           0.9361
   825   -3113.002522         0.0074           0.0001           0.9362
   826   -3112.985680         0.0045           0.0000           0.9362
   827   -3112.910527        -0.0008           0.0000           0.9362
   828   -3112.882733         0.0024           0.0000           0.9362
   829   -3112.847209         0.0002           0.0000           0.9362
   830   -3112.762710        -0.0015           0.0000           0.9362
   831   -3112.708862         0.0086           0.0001           0.9363
   832   -3112.688700         0.0084           0.0001           0.9364
   833   -3112.650277        -0.0041           0.0000           0.9364
   834   -3112.621431         0.0020           0.0000           0.9364
   835   -3112.619981        -0.0148           0.0002           0.9366
   836   -3112.552133         0.0062           0.0000           0.9367
   837   -3112.519828        -0.0053           0.0000           0.9367
   838   -3112.428071        -0.0018           0.0000           0.9367
   839   -3112.410711         0.0026           0.0000           0.9367
   840   -3112.384356        -0.0013           0.0000           0.9367
   841   -3112.321546        -0.0050           0.0000           0.9367
   842   -3112.253760         0.0006           0.0000           0.9367
   843   -3112.239186         0.0007           0.0000           0.9367
   844   -3112.214045        -0.0000           0.0000           0.9367
   845   -3112.100490        -0.0120           0.0001           0.9369
   846   -3112.080308         0.0017           0.0000           0.9369
   847   -3112.063543         0.0019           0.0000           0.9369
   848   -3112.036570         0.0021           0.0000           0.9369
   849   -3112.035870        -0.0006           0.0000           0.9369
   850   -3111.895565         0.0002           0.0000           0.9369
   851   -3111.891661        -0.0080           0.0001           0.9369
   852   -3111.859997        -0.0005           0.0000           0.9369
   853   -3111.782365         0.0017           0.0000           0.9369
   854   -3111.749773        -0.0035           0.0000           0.9370
   855   -3111.681782        -0.0001           0.0000           0.9370
   856   -3111.661269         0.0002           0.0000           0.9370
   857   -3111.520457         0.0001           0.0000           0.9370
   858   -3111.501603        -0.0006           0.0000           0.9370
   859   -3111.475345        -0.0005           0.0000           0.9370
   860   -3111.469029        -0.0005           0.0000           0.9370
   861   -3111.447297        -0.0002           0.0000           0.9370
   862   -3111.372200         0.0017           0.0000           0.9370
   863   -3111.353607         0.0001           0.0000           0.9370
   864   -3111.294825        -0.0026           0.0000           0.9370
   865   -3111.280063        -0.0015           0.0000           0.9370
   866   -3111.133379         0.0007           0.0000           0.9370
   867   -3111.090660         0.0006           0.0000           0.9370
   868   -3110.983354         0.0002           0.0000           0.9370
   869   -3110.828890         0.0032           0.0000           0.9370
   870   -3110.708934        -0.0010           0.0000           0.9370
   871   -3110.534626         0.0014           0.0000           0.9370
   872   -3110.478104        -0.0001           0.0000           0.9370
   873   -3110.428799        -0.0013           0.0000           0.9370
   874   -3110.408846        -0.0021           0.0000           0.9370
   875   -3110.397025        -0.0011           0.0000           0.9370
   876   -3110.384857        -0.0001           0.0000           0.9370
   877   -3110.383121        -0.0012           0.0000           0.9370
   878   -3110.368232         0.0030           0.0000           0.9370
   879   -3110.216364         0.0023           0.0000           0.9370
   880   -3110.066804         0.0016           0.0000           0.9370
   881   -3110.027864         0.0007           0.0000           0.9370
   882   -3110.020159        -0.0029           0.0000           0.9370
   883   -3109.909082        -0.0016           0.0000           0.9370
   884   -3109.779629         0.0004           0.0000           0.9370
   885   -3109.582963         0.0006           0.0000           0.9370
   886   -3109.571210        -0.0004           0.0000           0.9370
   887   -3109.523446         0.0006           0.0000           0.9370
   888   -3109.512223         0.0007           0.0000           0.9370
   889   -3109.481023         0.0003           0.0000           0.9370
   890   -3109.355629         0.0004           0.0000           0.9370
   891   -3109.307509         0.0015           0.0000           0.9370
   892   -3109.277070         0.0005           0.0000           0.9370
   893   -3109.261400        -0.0005           0.0000           0.9370
   894   -3109.239313         0.0001           0.0000           0.9370
   895   -3109.175246         0.0000           0.0000           0.9370
   896   -3109.173286        -0.0000           0.0000           0.9370
   897   -3109.144709        -0.0000           0.0000           0.9370
   898   -3108.911437         0.0003           0.0000           0.9370
   899   -3108.848390        -0.0001           0.0000           0.9370
   900   -3108.822503        -0.0006           0.0000           0.9370
   901   -3108.729699        -0.0003           0.0000           0.9370
   902   -3108.705981         0.0001           0.0000           0.9370
   903   -3108.697178         0.0000           0.0000           0.9370
   904   -3108.679929        -0.0004           0.0000           0.9370
   905   -3108.667860        -0.0004           0.0000           0.9370
   906   -3108.442548         0.0004           0.0000           0.9370
   907   -3108.336833         0.0005           0.0000           0.9370
   908   -3108.283103         0.0005           0.0000           0.9370
   909   -3108.115671        -0.0002           0.0000           0.9370
   910   -3107.974614         0.0003           0.0000           0.9370
   911   -3107.737210         0.0003           0.0000           0.9370
   912   -3107.735639        -0.0004           0.0000           0.9370
   913   -3107.342229        -0.0011           0.0000           0.9370
   914   -3107.292666         0.0000           0.0000           0.9370
   915   -3107.191250         0.0003           0.0000           0.9370
   916   -3107.106298         0.0000           0.0000           0.9370
   917   -3107.072178         0.0002           0.0000           0.9370
   918   -3106.747160        -0.0003           0.0000           0.9370
   919   -3106.560463        -0.0001           0.0000           0.9370
   920   -3106.519494        -0.0004           0.0000           0.9370
   921   -3106.506518         0.0007           0.0000           0.9370
   922   -3106.340035        -0.0027           0.0000           0.9370
   923   -3106.295550        -0.0005           0.0000           0.9370
   924   -3106.052080         0.0004           0.0000           0.9370
   925   -3105.968393         0.0032           0.0000           0.9370
   926   -3105.942922        -0.0010           0.0000           0.9370
   927   -3105.535263         0.0020           0.0000           0.9370
   928   -3105.498143        -0.0019           0.0000           0.9370
   929   -3105.328189        -0.0022           0.0000           0.9371
   930   -3105.292651        -0.0031           0.0000           0.9371
   931   -3104.840540        -0.0079           0.0001           0.9371
   932   -3104.194342        -0.0068           0.0000           0.9372
   933   -3104.017162        -0.0017           0.0000           0.9372
   934   -3104.004541         0.0014           0.0000           0.9372
   935   -3103.926818         0.0083           0.0001           0.9372
   936   -3103.809152        -0.0003           0.0000           0.9372
   937   -3103.676644         0.0004           0.0000           0.9372
   938   -3103.607712         0.0009           0.0000           0.9372
   939   -3103.491059        -0.0012           0.0000           0.9372
   940   -3103.452115        -0.0011           0.0000           0.9372
   941   -3103.403760         0.0006           0.0000           0.9372
   942   -3103.381766         0.0003           0.0000           0.9372
   943   -3103.349200        -0.0012           0.0000           0.9373
   944   -3103.308339        -0.0061           0.0000           0.9373
   945   -3103.254705        -0.0005           0.0000           0.9373
   946   -3103.243234        -0.0002           0.0000           0.9373
   947   -3103.238016         0.0005           0.0000           0.9373
   948   -3103.195094         0.0011           0.0000           0.9373
   949   -3103.161275         0.0050           0.0000           0.9373
   950   -3103.049658         0.0064           0.0000           0.9374
   951   -3103.004510        -0.0007           0.0000           0.9374
   952   -3102.907633         0.0025           0.0000           0.9374
   953   -3102.896485         0.0002           0.0000           0.9374
   954   -3102.843027         0.0044           0.0000           0.9374
   955   -3102.825395         0.0002           0.0000           0.9374
   956   -3102.812688         0.0001           0.0000           0.9374
   957   -3102.805788        -0.0001           0.0000           0.9374
   958   -3102.759284         0.0002           0.0000           0.9374
   959   -3102.512931        -0.0003           0.0000           0.9374
   960   -3102.499350        -0.0020           0.0000           0.9374
   961   -3102.463480         0.0008           0.0000           0.9374
   962   -3102.310755        -0.0013           0.0000           0.9374
   963   -3102.280658        -0.0005           0.0000           0.9374
   964   -3102.036971         0.0214           0.0005           0.9378
   965   -3102.009692         0.0080           0.0001           0.9379
   966   -3101.894235         0.0033           0.0000           0.9379
   967   -3101.881254         0.0087           0.0001           0.9380
   968   -3101.671644         0.0094           0.0001           0.9381
   969   -3101.653179        -0.0028           0.0000           0.9381
   970   -3101.582371        -0.0004           0.0000           0.9381
   971   -3101.553521        -0.0007           0.0000           0.9381
   972   -3101.492250        -0.0016           0.0000           0.9381
   973   -3101.482748        -0.0043           0.0000           0.9381
   974   -3101.422828        -0.0030           0.0000           0.9381
   975   -3101.389835         0.0002           0.0000           0.9381
   976   -3101.379387        -0.0005           0.0000           0.9381
   977   -3101.337668         0.0001           0.0000           0.9381
   978   -3101.316698        -0.0012           0.0000           0.9381
   979   -3101.142272        -0.0016           0.0000           0.9381
   980   -3101.130048        -0.0019           0.0000           0.9381
   981   -3100.955558         0.0034           0.0000           0.9381
   982   -3100.929217         0.0000           0.0000           0.9381
   983   -3100.749295         0.0003           0.0000           0.9381
   984   -3100.744840         0.0001           0.0000           0.9381
   985   -3100.710562         0.0006           0.0000           0.9381
   986   -3100.684433        -0.0001           0.0000           0.9381
   987   -3100.662598        -0.0004           0.0000           0.9381
   988   -3100.628694        -0.0000           0.0000           0.9381
   989   -3100.622176         0.0003           0.0000           0.9381
   990   -3100.574407        -0.0001           0.0000           0.9381
   991   -3100.563558        -0.0002           0.0000           0.9381
   992   -3100.518242        -0.0003           0.0000           0.9381
   993   -3100.500007        -0.0025           0.0000           0.9381
   994   -3100.473413        -0.0017           0.0000           0.9382
   995   -3100.457557        -0.0001           0.0000           0.9382
   996   -3100.416173        -0.0010           0.0000           0.9382
   997   -3100.398755         0.0005           0.0000           0.9382
   998   -3100.321486        -0.0005           0.0000           0.9382
   999   -3100.296044         0.0014           0.0000           0.9382
  1000   -3100.201591        -0.0013           0.0000           0.9382
  1001   -3099.992173         0.0005           0.0000           0.9382
  1002   -3099.955479         0.0002           0.0000           0.9382
  1003   -3099.939779        -0.0000           0.0000           0.9382
  1004   -3099.929159         0.0002           0.0000           0.9382
  1005   -3099.911252        -0.0000           0.0000           0.9382
  1006   -3099.871072        -0.0001           0.0000           0.9382
  1007   -3099.816384        -0.0000           0.0000           0.9382
  1008   -3099.683010         0.0000           0.0000           0.9382
  1009   -3099.629471         0.0007           0.0000           0.9382
  1010   -3099.545860         0.0001           0.0000           0.9382
  1011   -3099.471870        -0.0001           0.0000           0.9382
  1012   -3099.441143         0.0004           0.0000           0.9382
  1013   -3099.320608         0.0006           0.0000           0.9382
  1014   -3099.117321        -0.0028           0.0000           0.9382
  1015   -3099.060629        -0.0009           0.0000           0.9382
  1016   -3099.020675         0.0011           0.0000           0.9382
  1017   -3098.887676         0.0036           0.0000           0.9382
  1018   -3098.864640        -0.0015           0.0000           0.9382
  1019   -3098.817374        -0.0028           0.0000           0.9382
  1020   -3098.810954         0.0004           0.0000           0.9382
  1021   -3098.547742        -0.0003           0.0000           0.9382
  1022   -3098.523631        -0.0003           0.0000           0.9382
  1023   -3098.493018         0.0003           0.0000           0.9382
  1024   -3098.434922        -0.0022           0.0000           0.9382
  1025   -3098.421378         0.0008           0.0000           0.9382
  1026   -3098.401853         0.0002           0.0000           0.9382
  1027   -3098.372484        -0.0006           0.0000           0.9382
  1028   -3098.343852         0.0014           0.0000           0.9382
  1029   -3098.254564         0.0009           0.0000           0.9382
  1030   -3098.251975        -0.0010           0.0000           0.9382
  1031   -3098.222799         0.0012           0.0000           0.9382
  1032   -3098.210943        -0.0004           0.0000           0.9382
  1033   -3098.030063        -0.0008           0.0000           0.9382
  1034   -3097.919041         0.0001           0.0000           0.9382
  1035   -3097.886429        -0.0003           0.0000           0.9382
  1036   -3097.753979         0.0001           0.0000           0.9382
  1037   -3097.704424         0.0001           0.0000           0.9382
  1038   -3097.655863        -0.0002           0.0000           0.9382
  1039   -3097.571710        -0.0001           0.0000           0.9382
  1040   -3097.498392         0.0002           0.0000           0.9382
  1041   -3097.390463         0.0006           0.0000           0.9382
  1042   -3097.344172         0.0002           0.0000           0.9382
  1043   -3097.124099        -0.0003           0.0000           0.9382
  1044   -3097.076872         0.0004           0.0000           0.9382
  1045   -3097.034716        -0.0001           0.0000           0.9382
  1046   -3096.824361        -0.0014           0.0000           0.9382
  1047   -3096.448679        -0.0020           0.0000           0.9382
  1048   -3096.328607         0.0001           0.0000           0.9382
  1049   -3096.325984        -0.0002           0.0000           0.9382
  1050   -3096.255510        -0.0001           0.0000           0.9382
  1051   -3096.076139        -0.0003           0.0000           0.9382
  1052   -3096.066884        -0.0006           0.0000           0.9382
  1053   -3096.015142        -0.0014           0.0000           0.9382
  1054   -3095.851931        -0.0003           0.0000           0.9382
  1055   -3095.574015         0.0065           0.0000           0.9383
  1056   -3095.558267         0.0017           0.0000           0.9383
  1057   -3095.465074        -0.0008           0.0000           0.9383
  1058   -3095.449988        -0.0018           0.0000           0.9383
  1059   -3095.413190        -0.0006           0.0000           0.9383
  1060   -3095.315962        -0.0120           0.0001           0.9384
  1061   -3095.279863         0.0076           0.0001           0.9385
  1062   -3095.247393         0.0008           0.0000           0.9385
  1063   -3095.246123         0.0000           0.0000           0.9385
  1064   -3095.176414        -0.0036           0.0000           0.9385
  1065   -3095.150134        -0.0055           0.0000           0.9385
  1066   -3095.081550         0.0006           0.0000           0.9385
  1067   -3095.057476         0.0012           0.0000           0.9385
  1068   -3095.040090         0.0028           0.0000           0.9385
  1069   -3095.013242         0.0015           0.0000           0.9385
  1070   -3094.823852        -0.0038           0.0000           0.9385
  1071   -3094.704794        -0.0049           0.0000           0.9386
  1072   -3094.640649         0.0039           0.0000           0.9386
  1073   -3094.629162        -0.0036           0.0000           0.9386
  1074   -3094.457334         0.0048           0.0000           0.9386
  1075   -3094.449801        -0.0011           0.0000           0.9386
  1076   -3094.436003        -0.0037           0.0000           0.9386
  1077   -3094.339230        -0.0017           0.0000           0.9386
  1078   -3094.237179         0.0012           0.0000           0.9386
  1079   -3094.097690        -0.0018           0.0000           0.9386
  1080   -3094.023229        -0.0022           0.0000           0.9386
  1081   -3093.856478         0.0020           0.0000           0.9386
  1082   -3093.810444         0.0001           0.0000           0.9386
  1083   -3093.710181         0.0009           0.0000           0.9386
  1084   -3093.591878        -0.0019           0.0000           0.9386
  1085   -3093.480744         0.0008           0.0000           0.9386
  1086   -3093.474183         0.0023           0.0000           0.9387
  1087   -3093.456413        -0.0013           0.0000           0.9387
  1088   -3093.431442        -0.0002           0.0000           0.9387
  1089   -3093.312310         0.0005           0.0000           0.9387
  1090   -3093.240784         0.0004           0.0000           0.9387
  1091   -3093.219613         0.0001           0.0000           0.9387
  1092   -3093.045979         0.0002           0.0000           0.9387
  1093   -3093.009277        -0.0001           0.0000           0.9387
  1094   -3092.931590        -0.0000           0.0000           0.9387
  1095   -3092.880610         0.0003           0.0000           0.9387
  1096   -3092.835637        -0.0002           0.0000           0.9387
  1097   -3092.739926        -0.0003           0.0000           0.9387
  1098   -3092.727260         0.0014           0.0000           0.9387
  1099   -3092.595104         0.0010           0.0000           0.9387
  1100   -3092.399290         0.0005           0.0000           0.9387
  1101   -3092.340751         0.0008           0.0000           0.9387
  1102   -3092.323204        -0.0007           0.0000           0.9387
  1103   -3092.241831        -0.0004           0.0000           0.9387
  1104   -3092.140074         0.0007           0.0000           0.9387
  1105   -3091.886295        -0.0001           0.0000           0.9387
  1106   -3091.738386        -0.0017           0.0000           0.9387
  1107   -3091.724310         0.0013           0.0000           0.9387
  1108   -3091.667584         0.0007           0.0000           0.9387
  1109   -3091.598493        -0.0004           0.0000           0.9387
  1110   -3091.485061        -0.0005           0.0000           0.9387
  1111   -3091.441272         0.0001           0.0000           0.9387
  1112   -3091.402554         0.0002           0.0000           0.9387
  1113   -3091.227771         0.0005           0.0000           0.9387
  1114   -3090.761389         0.0002           0.0000           0.9387
  1115   -3090.647422        -0.0004           0.0000           0.9387
  1116   -3090.515228         0.0002           0.0000           0.9387
  1117   -3090.512545        -0.0005           0.0000           0.9387
  1118   -3090.447435        -0.0000           0.0000           0.9387
  1119   -3090.404680        -0.0005           0.0000           0.9387
  1120   -3090.310581         0.0000           0.0000           0.9387
  1121   -3090.292870         0.0000           0.0000           0.9387
  1122   -3090.272955        -0.0000           0.0000           0.9387
  1123   -3090.270786         0.0000           0.0000           0.9387
  1124   -3090.241469        -0.0002           0.0000           0.9387
  1125   -3090.074612         0.0005           0.0000           0.9387
  1126   -3089.774882        -0.0001           0.0000           0.9387
  1127   -3089.763852        -0.0000           0.0000           0.9387
  1128   -3089.748252         0.0000           0.0000           0.9387
  1129   -3089.736957        -0.0000           0.0000           0.9387
  1130   -3089.703625         0.0001           0.0000           0.9387
  1131   -3089.502756         0.0000           0.0000           0.9387
  1132   -3089.476695         0.0000           0.0000           0.9387
  1133   -3089.426888        -0.0003           0.0000           0.9387
  1134   -3089.411072        -0.0001           0.0000           0.9387
  1135   -3089.409099         0.0000           0.0000           0.9387
  1136   -3089.319542        -0.0001           0.0000           0.9387
  1137   -3089.063706        -0.0000           0.0000           0.9387
  1138   -3088.956097         0.0008           0.0000           0.9387
  1139   -3088.748710         0.0001           0.0000           0.9387
  1140   -3088.652475         0.0004           0.0000           0.9387
  1141   -3088.548185         0.0011           0.0000           0.9387
  1142   -3088.025970        -0.0001           0.0000           0.9387
  1143   -3087.946316        -0.0006           0.0000           0.9387
  1144   -3087.553901        -0.0001           0.0000           0.9387
  1145   -3087.268853        -0.0002           0.0000           0.9387
  1146   -3087.109963         0.0007           0.0000           0.9387
  1147   -3087.041852        -0.0007           0.0000           0.9387
  1148   -3086.893352         0.0011           0.0000           0.9387
  1149   -3086.872920         0.0027           0.0000           0.9387
  1150   -3086.450173        -0.0002           0.0000           0.9387
  1151   -3086.403928         0.0003           0.0000           0.9387
  1152   -3086.213050         0.0001           0.0000           0.9387
  1153   -3085.921153         0.0003           0.0000           0.9387
  1154   -3085.881554        -0.0001           0.0000           0.9387
  1155   -3085.075831        -0.0005           0.0000           0.9387
  1156   -3085.005601         0.0004           0.0000           0.9387
  1157   -3084.979569         0.0007           0.0000           0.9387
  1158   -3084.887988         0.0005           0.0000           0.9387
  1159   -3084.882107        -0.0003           0.0000           0.9387
  1160   -3084.652403        -0.0005           0.0000           0.9387
  1161   -3084.592046         0.0002           0.0000           0.9387
  1162   -3084.518320         0.0005           0.0000           0.9387
  1163   -3084.509858        -0.0002           0.0000           0.9387
  1164   -3084.486954        -0.0000           0.0000           0.9387
  1165   -3084.351285        -0.0003           0.0000           0.9387
  1166   -3084.332031         0.0010           0.0000           0.9387
  1167   -3084.081925        -0.0000           0.0000           0.9387
  1168   -3084.058836        -0.0000           0.0000           0.9387
  1169   -3083.933895         0.0002           0.0000           0.9387
  1170   -3083.657217         0.0001           0.0000           0.9387
  1171   -3083.560165         0.0000           0.0000           0.9387
  1172   -3083.513077        -0.0000           0.0000           0.9387
  1173   -3083.476056         0.0004           0.0000           0.9387
  1174   -3083.450522        -0.0028           0.0000           0.9387
  1175   -3083.447646         0.0022           0.0000           0.9387
  1176   -3083.442374         0.0008           0.0000           0.9387
  1177   -3083.433716        -0.0020           0.0000           0.9387
  1178   -3083.395041         0.0001           0.0000           0.9387
  1179   -3083.257257         0.0052           0.0000           0.9387
  1180   -3083.246971        -0.0063           0.0000           0.9388
  1181   -3083.178195        -0.0065           0.0000           0.9388
  1182   -3083.109094         0.0080           0.0001           0.9389
  1183   -3083.064077         0.0020           0.0000           0.9389
  1184   -3082.964165         0.0003           0.0000           0.9389
  1185   -3082.930137        -0.0020           0.0000           0.9389
  1186   -3082.856835        -0.0040           0.0000           0.9389
  1187   -3082.775623        -0.0028           0.0000           0.9389
  1188   -3082.715992         0.0005           0.0000           0.9389
  1189   -3082.582876         0.0004           0.0000           0.9389
  1190   -3082.309218        -0.0024           0.0000           0.9389
  1191   -3082.224737         0.0045           0.0000           0.9389
  1192   -3082.188037         0.0002           0.0000           0.9389
  1193   -3082.140250         0.0012           0.0000           0.9389
  1194   -3082.082612         0.0012           0.0000           0.9389
  1195   -3082.081264        -0.0041           0.0000           0.9390
  1196   -3082.074964        -0.0022           0.0000           0.9390
  1197   -3081.917240         0.0004           0.0000           0.9390
  1198   -3081.913421        -0.0011           0.0000           0.9390
  1199   -3081.708094         0.0009           0.0000           0.9390
  1200   -3081.617708        -0.0004           0.0000           0.9390
  1201   -3081.565911        -0.0003           0.0000           0.9390
  1202   -3081.519319         0.0007           0.0000           0.9390
  1203   -3081.350083        -0.0006           0.0000           0.9390
  1204   -3081.306955         0.0001           0.0000           0.9390
  1205   -3081.287205        -0.0005           0.0000           0.9390
  1206   -3080.623194         0.0002           0.0000           0.9390
  1207   -3080.505906         0.0001           0.0000           0.9390
  1208   -3080.274951         0.0004           0.0000           0.9390
  1209   -3080.126116        -0.0002           0.0000           0.9390
  1210   -3080.009206        -0.0001           0.0000           0.9390
  1211   -3079.955069        -0.0002           0.0000           0.9390
  1212   -3079.927063        -0.0000           0.0000           0.9390
  1213   -3079.862251         0.0001           0.0000           0.9390
  1214   -3079.826663        -0.0003           0.0000           0.9390
  1215   -3079.798182        -0.0006           0.0000           0.9390
  1216   -3079.434601         0.0005           0.0000           0.9390
  1217   -3079.421871         0.0001           0.0000           0.9390
  1218   -3079.388311        -0.0003           0.0000           0.9390
  1219   -3079.304484         0.0006           0.0000           0.9390
  1220   -3079.132877         0.0003           0.0000           0.9390
  1221   -3078.918506        -0.0003           0.0000           0.9390
  1222   -3078.817167        -0.0003           0.0000           0.9390
  1223   -3078.667946        -0.0015           0.0000           0.9390
  1224   -3078.546692        -0.0001           0.0000           0.9390
  1225   -3078.324383         0.0003           0.0000           0.9390
  1226   -3078.252740         0.0001           0.0000           0.9390
  1227   -3078.143011        -0.0001           0.0000           0.9390
  1228   -3078.087290        -0.0007           0.0000           0.9390
  1229   -3077.816941        -0.0002           0.0000           0.9390
  1230   -3077.778837         0.0002           0.0000           0.9390
  1231   -3077.286202         0.0001           0.0000           0.9390
  1232   -3077.172922        -0.0004           0.0000           0.9390
  1233   -3077.052836         0.0010           0.0000           0.9390
  1234   -3076.972737        -0.0007           0.0000           0.9390
  1235   -3076.724109        -0.0008           0.0000           0.9390
  1236   -3076.610665        -0.0005           0.0000           0.9390
  1237   -3076.550537         0.0003           0.0000           0.9390
  1238   -3076.503740        -0.0020           0.0000           0.9390
  1239   -3076.480999         0.0018           0.0000           0.9390
  1240   -3076.469852        -0.0004           0.0000           0.9390
  1241   -3076.465415        -0.0002           0.0000           0.9390
  1242   -3076.407068        -0.0009           0.0000           0.9390
  1243   -3076.289813         0.0003           0.0000           0.9390
  1244   -3076.209639        -0.0005           0.0000           0.9390
  1245   -3076.000821         0.0000           0.0000           0.9390
  1246   -3075.964206         0.0000           0.0000           0.9390
  1247   -3075.958473        -0.0001           0.0000           0.9390
  1248   -3075.937290         0.0000           0.0000           0.9390
  1249   -3075.875460        -0.0002           0.0000           0.9390
  1250   -3075.865206         0.0002           0.0000           0.9390
  1251   -3075.848251        -0.0001           0.0000           0.9390
  1252   -3075.821105        -0.0001           0.0000           0.9390
  1253   -3075.791181        -0.0000           0.0000           0.9390
  1254   -3075.718403        -0.0009           0.0000           0.9390
  1255   -3075.641930        -0.0000           0.0000           0.9390
  1256   -3075.604023         0.0003           0.0000           0.9390
  1257   -3075.514619        -0.0005           0.0000           0.9390
  1258   -3075.504378        -0.0003           0.0000           0.9390
  1259   -3075.408608         0.0038           0.0000           0.9390
  1260   -3075.311847         0.0012           0.0000           0.9390
  1261   -3075.205377         0.0025           0.0000           0.9390
  1262   -3075.120914         0.0003           0.0000           0.9390
  1263   -3074.942259         0.0001           0.0000           0.9390
  1264   -3074.886504         0.0004           0.0000           0.9390
  1265   -3074.536596         0.0012           0.0000           0.9390
  1266   -3074.262334         0.0007           0.0000           0.9390
  1267   -3074.120469         0.0002           0.0000           0.9390
  1268   -3074.061014        -0.0002           0.0000           0.9390
  1269   -3073.890221        -0.0008           0.0000           0.9390
  1270   -3073.686505        -0.0002           0.0000           0.9390
  1271   -3073.641702         0.0014           0.0000           0.9390
  1272   -3073.572819        -0.0003           0.0000           0.9390
  1273   -3073.554332        -0.0004           0.0000           0.9390
  1274   -3073.548227         0.0013           0.0000           0.9390
  1275   -3073.419673         0.0001           0.0000           0.9390
  1276   -3073.134195         0.0000           0.0000           0.9390
  1277   -3073.044810        -0.0003           0.0000           0.9390
  1278   -3072.434374        -0.0001           0.0000           0.9390
  1279   -3072.428049        -0.0007           0.0000           0.9390
  1280   -3072.389555         0.0003           0.0000           0.9390
  1281   -3072.294689        -0.0001           0.0000           0.9390
  1282   -3072.156421         0.0000           0.0000           0.9390
  1283   -3072.055382        -0.0000           0.0000           0.9390
  1284   -3071.965096        -0.0005           0.0000           0.9390
  1285   -3071.916006        -0.0001           0.0000           0.9390
  1286   -3071.454304        -0.0004           0.0000           0.9390
  1287   -3071.399244        -0.0000           0.0000           0.9390
  1288   -3070.923984         0.0008           0.0000           0.9390
  1289   -3070.886210        -0.0004           0.0000           0.9390
  1290   -3070.811387         0.0010           0.0000           0.9390
  1291   -3070.806481        -0.0005           0.0000           0.9390
  1292   -3070.671661        -0.0005           0.0000           0.9390
  1293   -3070.399133        -0.0001           0.0000           0.9390
  1294   -3070.359062        -0.0003           0.0000           0.9390
  1295   -3070.244739        -0.0001           0.0000           0.9390
  1296   -3069.600742        -0.0004           0.0000           0.9390
  1297   -3069.277250        -0.0000           0.0000           0.9390
  1298   -3068.949082        -0.0000           0.0000           0.9390
  1299   -3068.648811        -0.0001           0.0000           0.9390
  1300   -3068.387011         0.0006           0.0000           0.9390
  1301   -3068.346627        -0.0001           0.0000           0.9390
  1302   -3068.194527         0.0000           0.0000           0.9390
  1303   -3068.116420        -0.0004           0.0000           0.9390
  1304   -3068.044022         0.0004           0.0000           0.9390
  1305   -3067.594878        -0.0002           0.0000           0.9390
  1306   -3067.442216        -0.0000           0.0000           0.9390
  1307   -3067.383128         0.0001           0.0000           0.9390
  1308   -3067.105484         0.0000           0.0000           0.9390
  1309   -3067.007757         0.0003           0.0000           0.9390
  1310   -3066.998229         0.0001           0.0000           0.9390
  1311   -3066.616864         0.0004           0.0000           0.9390
  1312   -3066.502853         0.0001           0.0000           0.9390
  1313   -3066.475158        -0.0004           0.0000           0.9390
  1314   -3066.311111         0.0000           0.0000           0.9390
  1315   -3066.253269         0.0008           0.0000           0.9390
  1316   -3066.193884         0.0001           0.0000           0.9390
  1317   -3066.122686         0.0001           0.0000           0.9390
  1318   -3065.978065         0.0000           0.0000           0.9390
  1319   -3065.848281        -0.0021           0.0000           0.9390
  1320   -3065.848001        -0.0009           0.0000           0.9390
  1321   -3065.801630         0.0001           0.0000           0.9390
  1322   -3065.758227         0.0000           0.0000           0.9390
  1323   -3065.558900         0.0001           0.0000           0.9390
  1324   -3065.476294         0.0005           0.0000           0.9390
  1325   -3065.453887         0.0004           0.0000           0.9390
  1326   -3065.432994         0.0005           0.0000           0.9390
  1327   -3065.273495         0.0023           0.0000           0.9390
  1328   -3065.210174        -0.0005           0.0000           0.9390
  1329   -3065.116907        -0.0005           0.0000           0.9390
  1330   -3065.087419         0.0000           0.0000           0.9390
  1331   -3065.016606         0.0009           0.0000           0.9390
  1332   -3064.782023        -0.0011           0.0000           0.9390
  1333   -3064.601901        -0.0004           0.0000           0.9390
  1334   -3064.457511        -0.0002           0.0000           0.9390
  1335   -3064.371119        -0.0009           0.0000           0.9390
  1336   -3064.335950        -0.0103           0.0001           0.9391
  1337   -3064.234918         0.0022           0.0000           0.9391
  1338   -3064.074597         0.0026           0.0000           0.9391
  1339   -3063.711545         0.0002           0.0000           0.9391
  1340   -3063.563479        -0.0009           0.0000           0.9391
  1341   -3063.452342        -0.0003           0.0000           0.9391
  1342   -3063.359190        -0.0003           0.0000           0.9391
  1343   -3063.122756         0.0005           0.0000           0.9391
  1344   -3062.662633         0.0004           0.0000           0.9391
  1345   -3062.363712        -0.0011           0.0000           0.9391
  1346   -3062.349319        -0.0006           0.0000           0.9391
  1347   -3062.233705        -0.0026           0.0000           0.9392
  1348   -3062.179120        -0.0001           0.0000           0.9392
  1349   -3062.115120         0.0015           0.0000           0.9392
  1350   -3062.112636         0.0012           0.0000           0.9392
  1351   -3062.007875        -0.0015           0.0000           0.9392
  1352   -3061.853154         0.0001           0.0000           0.9392
  1353   -3061.844504        -0.0022           0.0000           0.9392
  1354   -3061.740805        -0.0021           0.0000           0.9392
  1355   -3061.712913         0.0006           0.0000           0.9392
  1356   -3061.685448         0.0001           0.0000           0.9392
  1357   -3061.606297        -0.0004           0.0000           0.9392
  1358   -3061.483644         0.0002           0.0000           0.9392
  1359   -3061.361398        -0.0020           0.0000           0.9392
  1360   -3061.318624        -0.0002           0.0000           0.9392
  1361   -3060.662071        -0.0011           0.0000           0.9392
  1362   -3060.433150        -0.0012           0.0000           0.9392
  1363   -3060.370553         0.0007           0.0000           0.9392
  1364   -3059.062457         0.0000           0.0000           0.9392
  1365   -3057.892293         0.0015           0.0000           0.9392
  1366   -3055.428921        -0.0028           0.0000           0.9392
  1367   -3054.752080         0.0035           0.0000           0.9392
  1368   -3054.720026         0.0034           0.0000           0.9392
  1369   -3054.444791         0.0030           0.0000           0.9392
  1370   -3053.778596         0.0015           0.0000           0.9392
  1371   -3053.753377         0.0005           0.0000           0.9392
  1372   -3052.690578        -0.0001           0.0000           0.9392
  1373   -3050.744843        -0.0019           0.0000           0.9392
  1374   -3050.594109        -0.0000           0.0000           0.9392
  1375   -3048.494214         0.0022           0.0000           0.9392
  1376   -3047.486882         0.0008           0.0000           0.9392
  1377   -3036.663794         0.0003           0.0000           0.9392
  1378   -3034.470050         0.0001           0.0000           0.9392
